block in append_cflags: checking for whether -fstack-protector-strong -D_FORTIFY_SOURCE=2 is accepted as CFLAGS... -------------------- yes

PATH=".;F:/Ruby31-x64/lib;F:\Ruby31-x64\bin;F:\Ruby31-x64\msys64\ucrt64\bin;F:\Ruby31-x64\msys64\usr\bin;C:\Program Files\Common Files\Oracle\Java\javapath;C:\ProgramData\Oracle\Java\javapath;C:\Windows\system32;C:\Windows;C:\Windows\System32\Wbem;C:\Windows\System32\WindowsPowerShell\v1.0\;C:\Windows\System32\OpenSSH\;F:\MinGW\bin;F:\Lua;C:\Users\swemi\Luvit;D:\ProgramFiles\nvim-win64\nvim-win64\bin\nvim-qt.exe;C:\ProgramData\chocolatey\bin;F:\NodeJS\;F:\Programs\Git\cmd;F:\nim-1.6.8_x64\nim-1.6.8\bin;F:\Programs\GNU-Prolog\bin\gprolog.exe;F:\Programs\GNU-Prolog\bin;D:\ProgramFiles\QEMU;C:\Program Files\NASM;F:\JDK\bin;C:\Users\swemi\.cargo\bin;F:\Programs\Python\Scripts\;F:\Programs\Python\;F:\Ruby31-x64\bin;C:\Users\swemi\AppData\Local\Microsoft\WindowsApps;C:\Users\swemi\AppData\Local\GitHubDesktop\bin;C:\Users\swemi\.dotnet\tools;D:\ProgramFiles\PyCharm Community Edition 2022.2\bin;D:\ProgramFiles\IntelliJ IDEA Community Edition 2022.2.1\bin;C:\Program Files\heroku\bin;C:\tools\neovim\nvim-win64\bin;C:\Users\swemi\AppData\Local\JetBrains\Toolbox\scripts;C:\Users\swemi\AppData\Roaming\npm;D:\ProgramFiles\Microsoft VS Code\bin;C:\tools\dart-sdk\bin;C:\Users\swemi\AppData\Roaming\Pub\Cache\bin" "gcc -o conftest.exe -IF:/Ruby31-x64/include/ruby-3.1.0/x64-mingw-ucrt -IF:/Ruby31-x64/include/ruby-3.1.0/ruby/backward -IF:/Ruby31-x64/include/ruby-3.1.0 -I. -D__USE_MINGW_ANSI_STDIO=1 -DFD_SETSIZE=2048 -D_WIN32_WINNT=0x0600 -D__MINGW_USE_VC2005_COMPAT -D_FILE_OFFSET_BITS=64  -O3 -fno-fast-math -fstack-protector-strong conftest.c  -L. -LF:/Ruby31-x64/lib -L. -pipe -s -fstack-protector-strong -Wl,--no-as-needed  -m64   -lx64-ucrt-ruby310  -lshell32 -lws2_32 -liphlpapi -limagehlp -lshlwapi -lbcrypt  "
checked program was:
/* begin */
1: #include "ruby.h"
2: 
3: #include <winsock2.h>
4: #include <windows.h>
5: int main(int argc, char **argv)
6: {
7:   return !!argv[argc];
8: }
/* end */

PATH=".;F:/Ruby31-x64/lib;F:\Ruby31-x64\bin;F:\Ruby31-x64\msys64\ucrt64\bin;F:\Ruby31-x64\msys64\usr\bin;C:\Program Files\Common Files\Oracle\Java\javapath;C:\ProgramData\Oracle\Java\javapath;C:\Windows\system32;C:\Windows;C:\Windows\System32\Wbem;C:\Windows\System32\WindowsPowerShell\v1.0\;C:\Windows\System32\OpenSSH\;F:\MinGW\bin;F:\Lua;C:\Users\swemi\Luvit;D:\ProgramFiles\nvim-win64\nvim-win64\bin\nvim-qt.exe;C:\ProgramData\chocolatey\bin;F:\NodeJS\;F:\Programs\Git\cmd;F:\nim-1.6.8_x64\nim-1.6.8\bin;F:\Programs\GNU-Prolog\bin\gprolog.exe;F:\Programs\GNU-Prolog\bin;D:\ProgramFiles\QEMU;C:\Program Files\NASM;F:\JDK\bin;C:\Users\swemi\.cargo\bin;F:\Programs\Python\Scripts\;F:\Programs\Python\;F:\Ruby31-x64\bin;C:\Users\swemi\AppData\Local\Microsoft\WindowsApps;C:\Users\swemi\AppData\Local\GitHubDesktop\bin;C:\Users\swemi\.dotnet\tools;D:\ProgramFiles\PyCharm Community Edition 2022.2\bin;D:\ProgramFiles\IntelliJ IDEA Community Edition 2022.2.1\bin;C:\Program Files\heroku\bin;C:\tools\neovim\nvim-win64\bin;C:\Users\swemi\AppData\Local\JetBrains\Toolbox\scripts;C:\Users\swemi\AppData\Roaming\npm;D:\ProgramFiles\Microsoft VS Code\bin;C:\tools\dart-sdk\bin;C:\Users\swemi\AppData\Roaming\Pub\Cache\bin" "gcc -IF:/Ruby31-x64/include/ruby-3.1.0/x64-mingw-ucrt -IF:/Ruby31-x64/include/ruby-3.1.0/ruby/backward -IF:/Ruby31-x64/include/ruby-3.1.0 -I. -D__USE_MINGW_ANSI_STDIO=1 -DFD_SETSIZE=2048 -D_WIN32_WINNT=0x0600 -D__MINGW_USE_VC2005_COMPAT -D_FILE_OFFSET_BITS=64  -O3 -fno-fast-math -fstack-protector-strong -m64 -fstack-protector-strong -D_FORTIFY_SOURCE=2 -Werror -c conftest.c"
checked program was:
/* begin */
1: #include "ruby.h"
2: 
3: #include <winsock2.h>
4: #include <windows.h>
5: int main(int argc, char **argv)
6: {
7:   return !!argv[argc];
8: }
/* end */

--------------------

block in append_ldflags: checking for whether -fstack-protector-strong -l:libssp.a is accepted as LDFLAGS... -------------------- yes

PATH=".;F:/Ruby31-x64/lib;F:\Ruby31-x64\bin;F:\Ruby31-x64\msys64\ucrt64\bin;F:\Ruby31-x64\msys64\usr\bin;C:\Program Files\Common Files\Oracle\Java\javapath;C:\ProgramData\Oracle\Java\javapath;C:\Windows\system32;C:\Windows;C:\Windows\System32\Wbem;C:\Windows\System32\WindowsPowerShell\v1.0\;C:\Windows\System32\OpenSSH\;F:\MinGW\bin;F:\Lua;C:\Users\swemi\Luvit;D:\ProgramFiles\nvim-win64\nvim-win64\bin\nvim-qt.exe;C:\ProgramData\chocolatey\bin;F:\NodeJS\;F:\Programs\Git\cmd;F:\nim-1.6.8_x64\nim-1.6.8\bin;F:\Programs\GNU-Prolog\bin\gprolog.exe;F:\Programs\GNU-Prolog\bin;D:\ProgramFiles\QEMU;C:\Program Files\NASM;F:\JDK\bin;C:\Users\swemi\.cargo\bin;F:\Programs\Python\Scripts\;F:\Programs\Python\;F:\Ruby31-x64\bin;C:\Users\swemi\AppData\Local\Microsoft\WindowsApps;C:\Users\swemi\AppData\Local\GitHubDesktop\bin;C:\Users\swemi\.dotnet\tools;D:\ProgramFiles\PyCharm Community Edition 2022.2\bin;D:\ProgramFiles\IntelliJ IDEA Community Edition 2022.2.1\bin;C:\Program Files\heroku\bin;C:\tools\neovim\nvim-win64\bin;C:\Users\swemi\AppData\Local\JetBrains\Toolbox\scripts;C:\Users\swemi\AppData\Roaming\npm;D:\ProgramFiles\Microsoft VS Code\bin;C:\tools\dart-sdk\bin;C:\Users\swemi\AppData\Roaming\Pub\Cache\bin" "gcc -o conftest.exe -IF:/Ruby31-x64/include/ruby-3.1.0/x64-mingw-ucrt -IF:/Ruby31-x64/include/ruby-3.1.0/ruby/backward -IF:/Ruby31-x64/include/ruby-3.1.0 -I. -D__USE_MINGW_ANSI_STDIO=1 -DFD_SETSIZE=2048 -D_WIN32_WINNT=0x0600 -D__MINGW_USE_VC2005_COMPAT -D_FILE_OFFSET_BITS=64  -O3 -fno-fast-math -fstack-protector-strong -fstack-protector-strong -D_FORTIFY_SOURCE=2 conftest.c  -L. -LF:/Ruby31-x64/lib -L. -pipe -s -fstack-protector-strong -Wl,--no-as-needed  -m64   -lx64-ucrt-ruby310 -fstack-protector-strong -l:libssp.a -lshell32 -lws2_32 -liphlpapi -limagehlp -lshlwapi -lbcrypt  "
checked program was:
/* begin */
1: #include "ruby.h"
2: 
3: #include <winsock2.h>
4: #include <windows.h>
5: int main(int argc, char **argv)
6: {
7:   return !!argv[argc];
8: }
/* end */

--------------------

have_library: checking for -lssp... -------------------- yes

PATH=".;F:/Ruby31-x64/lib;F:\Ruby31-x64\bin;F:\Ruby31-x64\msys64\ucrt64\bin;F:\Ruby31-x64\msys64\usr\bin;C:\Program Files\Common Files\Oracle\Java\javapath;C:\ProgramData\Oracle\Java\javapath;C:\Windows\system32;C:\Windows;C:\Windows\System32\Wbem;C:\Windows\System32\WindowsPowerShell\v1.0\;C:\Windows\System32\OpenSSH\;F:\MinGW\bin;F:\Lua;C:\Users\swemi\Luvit;D:\ProgramFiles\nvim-win64\nvim-win64\bin\nvim-qt.exe;C:\ProgramData\chocolatey\bin;F:\NodeJS\;F:\Programs\Git\cmd;F:\nim-1.6.8_x64\nim-1.6.8\bin;F:\Programs\GNU-Prolog\bin\gprolog.exe;F:\Programs\GNU-Prolog\bin;D:\ProgramFiles\QEMU;C:\Program Files\NASM;F:\JDK\bin;C:\Users\swemi\.cargo\bin;F:\Programs\Python\Scripts\;F:\Programs\Python\;F:\Ruby31-x64\bin;C:\Users\swemi\AppData\Local\Microsoft\WindowsApps;C:\Users\swemi\AppData\Local\GitHubDesktop\bin;C:\Users\swemi\.dotnet\tools;D:\ProgramFiles\PyCharm Community Edition 2022.2\bin;D:\ProgramFiles\IntelliJ IDEA Community Edition 2022.2.1\bin;C:\Program Files\heroku\bin;C:\tools\neovim\nvim-win64\bin;C:\Users\swemi\AppData\Local\JetBrains\Toolbox\scripts;C:\Users\swemi\AppData\Roaming\npm;D:\ProgramFiles\Microsoft VS Code\bin;C:\tools\dart-sdk\bin;C:\Users\swemi\AppData\Roaming\Pub\Cache\bin" "gcc -o conftest.exe -IF:/Ruby31-x64/include/ruby-3.1.0/x64-mingw-ucrt -IF:/Ruby31-x64/include/ruby-3.1.0/ruby/backward -IF:/Ruby31-x64/include/ruby-3.1.0 -I. -D__USE_MINGW_ANSI_STDIO=1 -DFD_SETSIZE=2048 -D_WIN32_WINNT=0x0600 -D__MINGW_USE_VC2005_COMPAT -D_FILE_OFFSET_BITS=64  -O3 -fno-fast-math -fstack-protector-strong -fstack-protector-strong -D_FORTIFY_SOURCE=2 conftest.c  -L. -LF:/Ruby31-x64/lib -L. -pipe -s -fstack-protector-strong -Wl,--no-as-needed -fstack-protector-strong -l:libssp.a  -m64   -lx64-ucrt-ruby310 -lssp  -lshell32 -lws2_32 -liphlpapi -limagehlp -lshlwapi -lbcrypt  "
checked program was:
/* begin */
 1: #include "ruby.h"
 2: 
 3: #include <winsock2.h>
 4: #include <windows.h>
 5: 
 6: /*top*/
 7: extern int t(void);
 8: int main(int argc, char **argv)
 9: {
10:   if (argc > 1000000) {
11:     int (* volatile tp)(void)=(int (*)(void))&t;
12:     printf("%d", (*tp)());
13:   }
14: 
15:   return !!argv[argc];
16: }
17: 
18: int t(void) { ; return 0; }
/* end */

--------------------

PATH=".;F:/Ruby31-x64/lib;F:\Ruby31-x64\bin;F:\Ruby31-x64\msys64\ucrt64\bin;F:\Ruby31-x64\msys64\usr\bin;C:\Program Files\Common Files\Oracle\Java\javapath;C:\ProgramData\Oracle\Java\javapath;C:\Windows\system32;C:\Windows;C:\Windows\System32\Wbem;C:\Windows\System32\WindowsPowerShell\v1.0\;C:\Windows\System32\OpenSSH\;F:\MinGW\bin;F:\Lua;C:\Users\swemi\Luvit;D:\ProgramFiles\nvim-win64\nvim-win64\bin\nvim-qt.exe;C:\ProgramData\chocolatey\bin;F:\NodeJS\;F:\Programs\Git\cmd;F:\nim-1.6.8_x64\nim-1.6.8\bin;F:\Programs\GNU-Prolog\bin\gprolog.exe;F:\Programs\GNU-Prolog\bin;D:\ProgramFiles\QEMU;C:\Program Files\NASM;F:\JDK\bin;C:\Users\swemi\.cargo\bin;F:\Programs\Python\Scripts\;F:\Programs\Python\;F:\Ruby31-x64\bin;C:\Users\swemi\AppData\Local\Microsoft\WindowsApps;C:\Users\swemi\AppData\Local\GitHubDesktop\bin;C:\Users\swemi\.dotnet\tools;D:\ProgramFiles\PyCharm Community Edition 2022.2\bin;D:\ProgramFiles\IntelliJ IDEA Community Edition 2022.2.1\bin;C:\Program Files\heroku\bin;C:\tools\neovim\nvim-win64\bin;C:\Users\swemi\AppData\Local\JetBrains\Toolbox\scripts;C:\Users\swemi\AppData\Roaming\npm;D:\ProgramFiles\Microsoft VS Code\bin;C:\tools\dart-sdk\bin;C:\Users\swemi\AppData\Roaming\Pub\Cache\bin" pkg-config --exists openssl
package configuration for openssl is not found
have_library: checking for BIO_read() in -llibcrypto... -------------------- no

PATH=".;F:/Ruby31-x64/lib;F:\Ruby31-x64\bin;F:\Ruby31-x64\msys64\ucrt64\bin;F:\Ruby31-x64\msys64\usr\bin;C:\Program Files\Common Files\Oracle\Java\javapath;C:\ProgramData\Oracle\Java\javapath;C:\Windows\system32;C:\Windows;C:\Windows\System32\Wbem;C:\Windows\System32\WindowsPowerShell\v1.0\;C:\Windows\System32\OpenSSH\;F:\MinGW\bin;F:\Lua;C:\Users\swemi\Luvit;D:\ProgramFiles\nvim-win64\nvim-win64\bin\nvim-qt.exe;C:\ProgramData\chocolatey\bin;F:\NodeJS\;F:\Programs\Git\cmd;F:\nim-1.6.8_x64\nim-1.6.8\bin;F:\Programs\GNU-Prolog\bin\gprolog.exe;F:\Programs\GNU-Prolog\bin;D:\ProgramFiles\QEMU;C:\Program Files\NASM;F:\JDK\bin;C:\Users\swemi\.cargo\bin;F:\Programs\Python\Scripts\;F:\Programs\Python\;F:\Ruby31-x64\bin;C:\Users\swemi\AppData\Local\Microsoft\WindowsApps;C:\Users\swemi\AppData\Local\GitHubDesktop\bin;C:\Users\swemi\.dotnet\tools;D:\ProgramFiles\PyCharm Community Edition 2022.2\bin;D:\ProgramFiles\IntelliJ IDEA Community Edition 2022.2.1\bin;C:\Program Files\heroku\bin;C:\tools\neovim\nvim-win64\bin;C:\Users\swemi\AppData\Local\JetBrains\Toolbox\scripts;C:\Users\swemi\AppData\Roaming\npm;D:\ProgramFiles\Microsoft VS Code\bin;C:\tools\dart-sdk\bin;C:\Users\swemi\AppData\Roaming\Pub\Cache\bin" "gcc -o conftest.exe -IF:/Ruby31-x64/include/ruby-3.1.0/x64-mingw-ucrt -IF:/Ruby31-x64/include/ruby-3.1.0/ruby/backward -IF:/Ruby31-x64/include/ruby-3.1.0 -I. -D__USE_MINGW_ANSI_STDIO=1 -DFD_SETSIZE=2048 -D_WIN32_WINNT=0x0600 -D__MINGW_USE_VC2005_COMPAT -D_FILE_OFFSET_BITS=64  -O3 -fno-fast-math -fstack-protector-strong -fstack-protector-strong -D_FORTIFY_SOURCE=2 conftest.c  -L. -LF:/Ruby31-x64/lib -L. -pipe -s -fstack-protector-strong -Wl,--no-as-needed -fstack-protector-strong -l:libssp.a  -m64  -lssp  -lx64-ucrt-ruby310 -llibcrypto -lssp  -lshell32 -lws2_32 -liphlpapi -limagehlp -lshlwapi -lbcrypt  "
conftest.c: In function 't':
conftest.c:17:57: error: 'BIO_read' undeclared (first use in this function); did you mean '_read'?
   17 | int t(void) { void ((*volatile p)()); p = (void ((*)()))BIO_read; return !p; }
      |                                                         ^~~~~~~~
      |                                                         _read
conftest.c:17:57: note: each undeclared identifier is reported only once for each function it appears in
checked program was:
/* begin */
 1: #include "ruby.h"
 2: 
 3: #include <winsock2.h>
 4: #include <windows.h>
 5: 
 6: /*top*/
 7: extern int t(void);
 8: int main(int argc, char **argv)
 9: {
10:   if (argc > 1000000) {
11:     int (* volatile tp)(void)=(int (*)(void))&t;
12:     printf("%d", (*tp)());
13:   }
14: 
15:   return !!argv[argc];
16: }
17: int t(void) { void ((*volatile p)()); p = (void ((*)()))BIO_read; return !p; }
/* end */

PATH=".;F:/Ruby31-x64/lib;F:\Ruby31-x64\bin;F:\Ruby31-x64\msys64\ucrt64\bin;F:\Ruby31-x64\msys64\usr\bin;C:\Program Files\Common Files\Oracle\Java\javapath;C:\ProgramData\Oracle\Java\javapath;C:\Windows\system32;C:\Windows;C:\Windows\System32\Wbem;C:\Windows\System32\WindowsPowerShell\v1.0\;C:\Windows\System32\OpenSSH\;F:\MinGW\bin;F:\Lua;C:\Users\swemi\Luvit;D:\ProgramFiles\nvim-win64\nvim-win64\bin\nvim-qt.exe;C:\ProgramData\chocolatey\bin;F:\NodeJS\;F:\Programs\Git\cmd;F:\nim-1.6.8_x64\nim-1.6.8\bin;F:\Programs\GNU-Prolog\bin\gprolog.exe;F:\Programs\GNU-Prolog\bin;D:\ProgramFiles\QEMU;C:\Program Files\NASM;F:\JDK\bin;C:\Users\swemi\.cargo\bin;F:\Programs\Python\Scripts\;F:\Programs\Python\;F:\Ruby31-x64\bin;C:\Users\swemi\AppData\Local\Microsoft\WindowsApps;C:\Users\swemi\AppData\Local\GitHubDesktop\bin;C:\Users\swemi\.dotnet\tools;D:\ProgramFiles\PyCharm Community Edition 2022.2\bin;D:\ProgramFiles\IntelliJ IDEA Community Edition 2022.2.1\bin;C:\Program Files\heroku\bin;C:\tools\neovim\nvim-win64\bin;C:\Users\swemi\AppData\Local\JetBrains\Toolbox\scripts;C:\Users\swemi\AppData\Roaming\npm;D:\ProgramFiles\Microsoft VS Code\bin;C:\tools\dart-sdk\bin;C:\Users\swemi\AppData\Roaming\Pub\Cache\bin" "gcc -o conftest.exe -IF:/Ruby31-x64/include/ruby-3.1.0/x64-mingw-ucrt -IF:/Ruby31-x64/include/ruby-3.1.0/ruby/backward -IF:/Ruby31-x64/include/ruby-3.1.0 -I. -D__USE_MINGW_ANSI_STDIO=1 -DFD_SETSIZE=2048 -D_WIN32_WINNT=0x0600 -D__MINGW_USE_VC2005_COMPAT -D_FILE_OFFSET_BITS=64  -O3 -fno-fast-math -fstack-protector-strong -fstack-protector-strong -D_FORTIFY_SOURCE=2 conftest.c  -L. -LF:/Ruby31-x64/lib -L. -pipe -s -fstack-protector-strong -Wl,--no-as-needed -fstack-protector-strong -l:libssp.a  -m64  -lssp  -lx64-ucrt-ruby310 -llibcrypto -lssp  -lshell32 -lws2_32 -liphlpapi -limagehlp -lshlwapi -lbcrypt  "
F:/Ruby31-x64/msys64/ucrt64/bin/../lib/gcc/x86_64-w64-mingw32/11.2.0/../../../../x86_64-w64-mingw32/bin/ld.exe: cannot find -llibcrypto: No such file or directory
collect2.exe: error: ld returned 1 exit status
checked program was:
/* begin */
 1: #include "ruby.h"
 2: 
 3: #include <winsock2.h>
 4: #include <windows.h>
 5: 
 6: /*top*/
 7: extern int t(void);
 8: int main(int argc, char **argv)
 9: {
10:   if (argc > 1000000) {
11:     int (* volatile tp)(void)=(int (*)(void))&t;
12:     printf("%d", (*tp)());
13:   }
14: 
15:   return !!argv[argc];
16: }
17: extern void BIO_read();
18: int t(void) { BIO_read(); return 0; }
/* end */

--------------------

have_library: checking for BIO_read() in -lcrypto... -------------------- no

PATH=".;F:/Ruby31-x64/lib;F:\Ruby31-x64\bin;F:\Ruby31-x64\msys64\ucrt64\bin;F:\Ruby31-x64\msys64\usr\bin;C:\Program Files\Common Files\Oracle\Java\javapath;C:\ProgramData\Oracle\Java\javapath;C:\Windows\system32;C:\Windows;C:\Windows\System32\Wbem;C:\Windows\System32\WindowsPowerShell\v1.0\;C:\Windows\System32\OpenSSH\;F:\MinGW\bin;F:\Lua;C:\Users\swemi\Luvit;D:\ProgramFiles\nvim-win64\nvim-win64\bin\nvim-qt.exe;C:\ProgramData\chocolatey\bin;F:\NodeJS\;F:\Programs\Git\cmd;F:\nim-1.6.8_x64\nim-1.6.8\bin;F:\Programs\GNU-Prolog\bin\gprolog.exe;F:\Programs\GNU-Prolog\bin;D:\ProgramFiles\QEMU;C:\Program Files\NASM;F:\JDK\bin;C:\Users\swemi\.cargo\bin;F:\Programs\Python\Scripts\;F:\Programs\Python\;F:\Ruby31-x64\bin;C:\Users\swemi\AppData\Local\Microsoft\WindowsApps;C:\Users\swemi\AppData\Local\GitHubDesktop\bin;C:\Users\swemi\.dotnet\tools;D:\ProgramFiles\PyCharm Community Edition 2022.2\bin;D:\ProgramFiles\IntelliJ IDEA Community Edition 2022.2.1\bin;C:\Program Files\heroku\bin;C:\tools\neovim\nvim-win64\bin;C:\Users\swemi\AppData\Local\JetBrains\Toolbox\scripts;C:\Users\swemi\AppData\Roaming\npm;D:\ProgramFiles\Microsoft VS Code\bin;C:\tools\dart-sdk\bin;C:\Users\swemi\AppData\Roaming\Pub\Cache\bin" "gcc -o conftest.exe -IF:/Ruby31-x64/include/ruby-3.1.0/x64-mingw-ucrt -IF:/Ruby31-x64/include/ruby-3.1.0/ruby/backward -IF:/Ruby31-x64/include/ruby-3.1.0 -I. -D__USE_MINGW_ANSI_STDIO=1 -DFD_SETSIZE=2048 -D_WIN32_WINNT=0x0600 -D__MINGW_USE_VC2005_COMPAT -D_FILE_OFFSET_BITS=64  -O3 -fno-fast-math -fstack-protector-strong -fstack-protector-strong -D_FORTIFY_SOURCE=2 conftest.c  -L. -LF:/Ruby31-x64/lib -L. -pipe -s -fstack-protector-strong -Wl,--no-as-needed -fstack-protector-strong -l:libssp.a  -m64  -lssp  -lx64-ucrt-ruby310 -lcrypto -lssp  -lshell32 -lws2_32 -liphlpapi -limagehlp -lshlwapi -lbcrypt  "
conftest.c: In function 't':
conftest.c:17:57: error: 'BIO_read' undeclared (first use in this function); did you mean '_read'?
   17 | int t(void) { void ((*volatile p)()); p = (void ((*)()))BIO_read; return !p; }
      |                                                         ^~~~~~~~
      |                                                         _read
conftest.c:17:57: note: each undeclared identifier is reported only once for each function it appears in
checked program was:
/* begin */
 1: #include "ruby.h"
 2: 
 3: #include <winsock2.h>
 4: #include <windows.h>
 5: 
 6: /*top*/
 7: extern int t(void);
 8: int main(int argc, char **argv)
 9: {
10:   if (argc > 1000000) {
11:     int (* volatile tp)(void)=(int (*)(void))&t;
12:     printf("%d", (*tp)());
13:   }
14: 
15:   return !!argv[argc];
16: }
17: int t(void) { void ((*volatile p)()); p = (void ((*)()))BIO_read; return !p; }
/* end */

PATH=".;F:/Ruby31-x64/lib;F:\Ruby31-x64\bin;F:\Ruby31-x64\msys64\ucrt64\bin;F:\Ruby31-x64\msys64\usr\bin;C:\Program Files\Common Files\Oracle\Java\javapath;C:\ProgramData\Oracle\Java\javapath;C:\Windows\system32;C:\Windows;C:\Windows\System32\Wbem;C:\Windows\System32\WindowsPowerShell\v1.0\;C:\Windows\System32\OpenSSH\;F:\MinGW\bin;F:\Lua;C:\Users\swemi\Luvit;D:\ProgramFiles\nvim-win64\nvim-win64\bin\nvim-qt.exe;C:\ProgramData\chocolatey\bin;F:\NodeJS\;F:\Programs\Git\cmd;F:\nim-1.6.8_x64\nim-1.6.8\bin;F:\Programs\GNU-Prolog\bin\gprolog.exe;F:\Programs\GNU-Prolog\bin;D:\ProgramFiles\QEMU;C:\Program Files\NASM;F:\JDK\bin;C:\Users\swemi\.cargo\bin;F:\Programs\Python\Scripts\;F:\Programs\Python\;F:\Ruby31-x64\bin;C:\Users\swemi\AppData\Local\Microsoft\WindowsApps;C:\Users\swemi\AppData\Local\GitHubDesktop\bin;C:\Users\swemi\.dotnet\tools;D:\ProgramFiles\PyCharm Community Edition 2022.2\bin;D:\ProgramFiles\IntelliJ IDEA Community Edition 2022.2.1\bin;C:\Program Files\heroku\bin;C:\tools\neovim\nvim-win64\bin;C:\Users\swemi\AppData\Local\JetBrains\Toolbox\scripts;C:\Users\swemi\AppData\Roaming\npm;D:\ProgramFiles\Microsoft VS Code\bin;C:\tools\dart-sdk\bin;C:\Users\swemi\AppData\Roaming\Pub\Cache\bin" "gcc -o conftest.exe -IF:/Ruby31-x64/include/ruby-3.1.0/x64-mingw-ucrt -IF:/Ruby31-x64/include/ruby-3.1.0/ruby/backward -IF:/Ruby31-x64/include/ruby-3.1.0 -I. -D__USE_MINGW_ANSI_STDIO=1 -DFD_SETSIZE=2048 -D_WIN32_WINNT=0x0600 -D__MINGW_USE_VC2005_COMPAT -D_FILE_OFFSET_BITS=64  -O3 -fno-fast-math -fstack-protector-strong -fstack-protector-strong -D_FORTIFY_SOURCE=2 conftest.c  -L. -LF:/Ruby31-x64/lib -L. -pipe -s -fstack-protector-strong -Wl,--no-as-needed -fstack-protector-strong -l:libssp.a  -m64  -lssp  -lx64-ucrt-ruby310 -lcrypto -lssp  -lshell32 -lws2_32 -liphlpapi -limagehlp -lshlwapi -lbcrypt  "
F:/Ruby31-x64/msys64/ucrt64/bin/../lib/gcc/x86_64-w64-mingw32/11.2.0/../../../../x86_64-w64-mingw32/bin/ld.exe: cannot find -lcrypto: No such file or directory
collect2.exe: error: ld returned 1 exit status
checked program was:
/* begin */
 1: #include "ruby.h"
 2: 
 3: #include <winsock2.h>
 4: #include <windows.h>
 5: 
 6: /*top*/
 7: extern int t(void);
 8: int main(int argc, char **argv)
 9: {
10:   if (argc > 1000000) {
11:     int (* volatile tp)(void)=(int (*)(void))&t;
12:     printf("%d", (*tp)());
13:   }
14: 
15:   return !!argv[argc];
16: }
17: extern void BIO_read();
18: int t(void) { BIO_read(); return 0; }
/* end */

--------------------

have_library: checking for BIO_read() in -llibeay32... -------------------- no

PATH=".;F:/Ruby31-x64/lib;F:\Ruby31-x64\bin;F:\Ruby31-x64\msys64\ucrt64\bin;F:\Ruby31-x64\msys64\usr\bin;C:\Program Files\Common Files\Oracle\Java\javapath;C:\ProgramData\Oracle\Java\javapath;C:\Windows\system32;C:\Windows;C:\Windows\System32\Wbem;C:\Windows\System32\WindowsPowerShell\v1.0\;C:\Windows\System32\OpenSSH\;F:\MinGW\bin;F:\Lua;C:\Users\swemi\Luvit;D:\ProgramFiles\nvim-win64\nvim-win64\bin\nvim-qt.exe;C:\ProgramData\chocolatey\bin;F:\NodeJS\;F:\Programs\Git\cmd;F:\nim-1.6.8_x64\nim-1.6.8\bin;F:\Programs\GNU-Prolog\bin\gprolog.exe;F:\Programs\GNU-Prolog\bin;D:\ProgramFiles\QEMU;C:\Program Files\NASM;F:\JDK\bin;C:\Users\swemi\.cargo\bin;F:\Programs\Python\Scripts\;F:\Programs\Python\;F:\Ruby31-x64\bin;C:\Users\swemi\AppData\Local\Microsoft\WindowsApps;C:\Users\swemi\AppData\Local\GitHubDesktop\bin;C:\Users\swemi\.dotnet\tools;D:\ProgramFiles\PyCharm Community Edition 2022.2\bin;D:\ProgramFiles\IntelliJ IDEA Community Edition 2022.2.1\bin;C:\Program Files\heroku\bin;C:\tools\neovim\nvim-win64\bin;C:\Users\swemi\AppData\Local\JetBrains\Toolbox\scripts;C:\Users\swemi\AppData\Roaming\npm;D:\ProgramFiles\Microsoft VS Code\bin;C:\tools\dart-sdk\bin;C:\Users\swemi\AppData\Roaming\Pub\Cache\bin" "gcc -o conftest.exe -IF:/Ruby31-x64/include/ruby-3.1.0/x64-mingw-ucrt -IF:/Ruby31-x64/include/ruby-3.1.0/ruby/backward -IF:/Ruby31-x64/include/ruby-3.1.0 -I. -D__USE_MINGW_ANSI_STDIO=1 -DFD_SETSIZE=2048 -D_WIN32_WINNT=0x0600 -D__MINGW_USE_VC2005_COMPAT -D_FILE_OFFSET_BITS=64  -O3 -fno-fast-math -fstack-protector-strong -fstack-protector-strong -D_FORTIFY_SOURCE=2 conftest.c  -L. -LF:/Ruby31-x64/lib -L. -pipe -s -fstack-protector-strong -Wl,--no-as-needed -fstack-protector-strong -l:libssp.a  -m64  -lssp  -lx64-ucrt-ruby310 -llibeay32 -lssp  -lshell32 -lws2_32 -liphlpapi -limagehlp -lshlwapi -lbcrypt  "
conftest.c: In function 't':
conftest.c:17:57: error: 'BIO_read' undeclared (first use in this function); did you mean '_read'?
   17 | int t(void) { void ((*volatile p)()); p = (void ((*)()))BIO_read; return !p; }
      |                                                         ^~~~~~~~
      |                                                         _read
conftest.c:17:57: note: each undeclared identifier is reported only once for each function it appears in
checked program was:
/* begin */
 1: #include "ruby.h"
 2: 
 3: #include <winsock2.h>
 4: #include <windows.h>
 5: 
 6: /*top*/
 7: extern int t(void);
 8: int main(int argc, char **argv)
 9: {
10:   if (argc > 1000000) {
11:     int (* volatile tp)(void)=(int (*)(void))&t;
12:     printf("%d", (*tp)());
13:   }
14: 
15:   return !!argv[argc];
16: }
17: int t(void) { void ((*volatile p)()); p = (void ((*)()))BIO_read; return !p; }
/* end */

PATH=".;F:/Ruby31-x64/lib;F:\Ruby31-x64\bin;F:\Ruby31-x64\msys64\ucrt64\bin;F:\Ruby31-x64\msys64\usr\bin;C:\Program Files\Common Files\Oracle\Java\javapath;C:\ProgramData\Oracle\Java\javapath;C:\Windows\system32;C:\Windows;C:\Windows\System32\Wbem;C:\Windows\System32\WindowsPowerShell\v1.0\;C:\Windows\System32\OpenSSH\;F:\MinGW\bin;F:\Lua;C:\Users\swemi\Luvit;D:\ProgramFiles\nvim-win64\nvim-win64\bin\nvim-qt.exe;C:\ProgramData\chocolatey\bin;F:\NodeJS\;F:\Programs\Git\cmd;F:\nim-1.6.8_x64\nim-1.6.8\bin;F:\Programs\GNU-Prolog\bin\gprolog.exe;F:\Programs\GNU-Prolog\bin;D:\ProgramFiles\QEMU;C:\Program Files\NASM;F:\JDK\bin;C:\Users\swemi\.cargo\bin;F:\Programs\Python\Scripts\;F:\Programs\Python\;F:\Ruby31-x64\bin;C:\Users\swemi\AppData\Local\Microsoft\WindowsApps;C:\Users\swemi\AppData\Local\GitHubDesktop\bin;C:\Users\swemi\.dotnet\tools;D:\ProgramFiles\PyCharm Community Edition 2022.2\bin;D:\ProgramFiles\IntelliJ IDEA Community Edition 2022.2.1\bin;C:\Program Files\heroku\bin;C:\tools\neovim\nvim-win64\bin;C:\Users\swemi\AppData\Local\JetBrains\Toolbox\scripts;C:\Users\swemi\AppData\Roaming\npm;D:\ProgramFiles\Microsoft VS Code\bin;C:\tools\dart-sdk\bin;C:\Users\swemi\AppData\Roaming\Pub\Cache\bin" "gcc -o conftest.exe -IF:/Ruby31-x64/include/ruby-3.1.0/x64-mingw-ucrt -IF:/Ruby31-x64/include/ruby-3.1.0/ruby/backward -IF:/Ruby31-x64/include/ruby-3.1.0 -I. -D__USE_MINGW_ANSI_STDIO=1 -DFD_SETSIZE=2048 -D_WIN32_WINNT=0x0600 -D__MINGW_USE_VC2005_COMPAT -D_FILE_OFFSET_BITS=64  -O3 -fno-fast-math -fstack-protector-strong -fstack-protector-strong -D_FORTIFY_SOURCE=2 conftest.c  -L. -LF:/Ruby31-x64/lib -L. -pipe -s -fstack-protector-strong -Wl,--no-as-needed -fstack-protector-strong -l:libssp.a  -m64  -lssp  -lx64-ucrt-ruby310 -llibeay32 -lssp  -lshell32 -lws2_32 -liphlpapi -limagehlp -lshlwapi -lbcrypt  "
F:/Ruby31-x64/msys64/ucrt64/bin/../lib/gcc/x86_64-w64-mingw32/11.2.0/../../../../x86_64-w64-mingw32/bin/ld.exe: cannot find -llibeay32: No such file or directory
collect2.exe: error: ld returned 1 exit status
checked program was:
/* begin */
 1: #include "ruby.h"
 2: 
 3: #include <winsock2.h>
 4: #include <windows.h>
 5: 
 6: /*top*/
 7: extern int t(void);
 8: int main(int argc, char **argv)
 9: {
10:   if (argc > 1000000) {
11:     int (* volatile tp)(void)=(int (*)(void))&t;
12:     printf("%d", (*tp)());
13:   }
14: 
15:   return !!argv[argc];
16: }
17: extern void BIO_read();
18: int t(void) { BIO_read(); return 0; }
/* end */

--------------------

